{
  "RSpec": {
    "coverage": {
      "/home/dev/Desktop/Coding/RubyOnRails/instagram_clone/app/models/user.rb": {
        "lines": [
          1,
          1,
          null,
          1,
          null,
          null,
          1,
          1,
          1,
          1,
          1,
          null,
          1,
          1,
          1,
          1,
          null,
          null,
          1,
          null,
          null,
          9,
          null,
          null,
          1,
          null,
          23,
          null,
          1,
          1,
          null,
          1,
          3,
          null,
          null,
          1,
          1,
          null,
          null,
          1,
          17,
          17,
          17,
          null,
          11,
          null,
          null,
          1,
          2,
          null,
          null,
          1,
          2,
          null,
          null,
          1,
          2,
          2,
          null,
          null,
          1,
          4,
          null,
          null,
          1,
          1,
          null,
          null,
          1,
          3,
          2,
          null,
          1,
          null,
          null,
          null,
          1,
          null,
          1,
          144,
          null,
          71,
          null,
          null,
          null,
          null,
          null,
          null
        ]
      },
      "/home/dev/Desktop/Coding/RubyOnRails/instagram_clone/app/models/application_record.rb": {
        "lines": [
          1,
          1,
          null
        ]
      },
      "/home/dev/Desktop/Coding/RubyOnRails/instagram_clone/app/helpers/users_helper.rb": {
        "lines": [
          1,
          1,
          1,
          null
        ]
      },
      "/home/dev/Desktop/Coding/RubyOnRails/instagram_clone/app/controllers/relationships_controller.rb": {
        "lines": [
          1,
          1,
          1,
          2,
          null,
          2,
          2,
          2,
          2,
          2,
          1,
          null,
          1,
          null,
          null,
          null,
          null,
          null,
          1,
          1,
          null,
          1,
          1,
          1,
          1,
          1,
          null,
          null,
          null,
          null,
          1,
          1,
          1,
          1,
          1,
          1,
          1,
          null,
          null,
          null,
          null,
          1,
          1,
          1,
          1,
          1,
          1,
          1,
          null,
          null,
          null,
          null,
          1,
          null,
          1,
          9,
          null,
          null
        ]
      },
      "/home/dev/Desktop/Coding/RubyOnRails/instagram_clone/app/controllers/application_controller.rb": {
        "lines": [
          1,
          1,
          1,
          1,
          1,
          null,
          1,
          null,
          1,
          null,
          1,
          0,
          0,
          null,
          null,
          1,
          null,
          1,
          0,
          0,
          null,
          null
        ]
      },
      "/home/dev/Desktop/Coding/RubyOnRails/instagram_clone/app/controllers/users_controller.rb": {
        "lines": [
          1,
          1,
          1,
          1,
          1,
          null,
          null,
          1,
          2,
          null,
          null,
          1,
          1,
          1,
          null,
          null,
          1,
          2,
          2,
          1,
          1,
          1,
          1,
          null,
          null,
          null,
          1,
          null,
          1,
          4,
          null,
          null,
          1,
          1,
          1,
          null,
          null,
          1,
          1,
          1,
          1,
          null,
          null
        ]
      },
      "/home/dev/Desktop/Coding/RubyOnRails/instagram_clone/app/models/comment.rb": {
        "lines": [
          1,
          1,
          1,
          null,
          1,
          null,
          1,
          1,
          null,
          null,
          1,
          null,
          1,
          2,
          null,
          null,
          1,
          1,
          null,
          null
        ]
      },
      "/home/dev/Desktop/Coding/RubyOnRails/instagram_clone/app/models/follow.rb": {
        "lines": [
          1,
          1,
          1,
          1,
          null,
          1,
          1,
          1,
          null,
          null
        ]
      },
      "/home/dev/Desktop/Coding/RubyOnRails/instagram_clone/app/models/like.rb": {
        "lines": [
          1,
          1,
          1,
          1,
          null,
          1,
          1,
          null,
          1,
          null,
          1,
          7,
          null,
          null,
          1,
          2,
          null,
          null
        ]
      },
      "/home/dev/Desktop/Coding/RubyOnRails/instagram_clone/app/models/post.rb": {
        "lines": [
          1,
          1,
          1,
          1,
          1,
          null,
          4,
          null,
          35,
          1,
          1,
          1,
          null,
          null,
          1,
          null,
          1,
          26,
          null,
          26,
          23,
          null,
          null,
          null
        ]
      },
      "/home/dev/Desktop/Coding/RubyOnRails/instagram_clone/app/models/story.rb": {
        "lines": [
          1,
          1,
          1,
          null,
          1,
          1,
          4,
          null,
          1,
          null,
          1,
          4,
          null,
          2,
          null,
          null
        ]
      }
    },
    "timestamp": 1661345211
  }
}
